<?xml version="1.0" encoding="UTF-8" ?>
<testsuite errors="0" failures="0" hostname="BG4WS0545" name="com.vaannila.testcase.DivisionTestCase" skipped="0" tests="2" time="0.033" timestamp="2018-07-03T06:17:30">
  <properties>
[...]
</properties>
  <testcase classname="com.vaannila.testcase.DivisionTestCase" name="test" time="0.005" />
  <testcase classname="com.vaannila.testcase.DivisionTestCase" name="test1" time="0.0" />
  <system-out><![CDATA[]]></system-out>
  <system-err><![CDATA[]]></system-err>
</testsuite>
